
Showing logs for build [32mjenkins-oscar-environment-tia-t-cltqv-1[0m stage [32mfrom-build-pack[0m and container [32mstep-credential-initializer-xp8k7[0m
{"level":"warn","ts":1594947205.7333682,"logger":"fallback-logger","caller":"logging/config.go:69","msg":"Fetch GitHub commit ID from kodata failed: \"ref: refs/heads/0.8.0-**-support-backwards-incompats\" is not a valid GitHub commit ID"}
{"level":"info","ts":1594947205.7340534,"logger":"fallback-logger","caller":"creds-init/main.go:40","msg":"Credentials initialized."}

Showing logs for build [32mjenkins-oscar-environment-tia-t-cltqv-1[0m stage [32mfrom-build-pack[0m and container [32mstep-working-dir-initializer-vk78s[0m
{"level":"warn","ts":1594947207.1345775,"logger":"fallback-logger","caller":"logging/config.go:69","msg":"Fetch GitHub commit ID from kodata failed: open /var/run/ko/HEAD: no such file or directory"}
{"level":"info","ts":1594947207.2122407,"logger":"fallback-logger","caller":"bash/main.go:64","msg":"Successfully executed command \"sh -c mkdir -p /workspace/source\"; output "}

Showing logs for build [32mjenkins-oscar-environment-tia-t-cltqv-1[0m stage [32mfrom-build-pack[0m and container [32mstep-place-tools[0m

Showing logs for build [32mjenkins-oscar-environment-tia-t-cltqv-1[0m stage [32mfrom-build-pack[0m and container [32mstep-git-source-jenkins-oscar-environment-tia-t-cltqv-7tzmv[0m
{"level":"warn","ts":1594947214.9292605,"logger":"fallback-logger","caller":"logging/config.go:69","msg":"Fetch GitHub commit ID from kodata failed: \"ref: refs/heads/0.8.0-**-support-backwards-incompats\" is not a valid GitHub commit ID"}
{"level":"info","ts":1594947215.8051276,"logger":"fallback-logger","caller":"git/git.go:103","msg":"Successfully cloned https://github.com/jenkins-oscar/environment-tia-tequila-staging.git @ master in path /workspace/source"}

Showing logs for build [32mjenkins-oscar-environment-tia-t-cltqv-1[0m stage [32mfrom-build-pack[0m and container [32mstep-git-merge[0m
Using SHAs from PULL_REFS=master:3fc2e2c025cfdc95007c77963f7b5f1e034ec165,12:0ed3234eb8fe1d95c38ed97921e5b38a3b5d16c7
DEBUG: LC_ALL=C JX_LOG_LEVEL=error git fetch origin --unshallow 0ed3234eb8fe1d95c38ed97921e5b38a3b5d16c7: 3fc2e2c025cfdc95007c77963f7b5f1e034ec165:
DEBUG: ran git fetch --unshallow origin 0ed3234eb8fe1d95c38ed97921e5b38a3b5d16c7: 3fc2e2c025cfdc95007c77963f7b5f1e034ec165: in 
DEBUG: LC_ALL=C JX_LOG_LEVEL=error git branch
DEBUG: LC_ALL=C JX_LOG_LEVEL=error git checkout master
DEBUG: ran git checkout master in 
DEBUG: LC_ALL=C JX_LOG_LEVEL=error git reset --hard 3fc2e2c025cfdc95007c77963f7b5f1e034ec165
DEBUG: ran git reset --hard 3fc2e2c025cfdc95007c77963f7b5f1e034ec165 in 
DEBUG: LC_ALL=C JX_LOG_LEVEL=error git clean -fd .
DEBUG: ran clean --force -d . in 
DEBUG: LC_ALL=C JX_LOG_LEVEL=error git merge 0ed3234eb8fe1d95c38ed97921e5b38a3b5d16c7
DEBUG: ran git merge 0ed3234eb8fe1d95c38ed97921e5b38a3b5d16c7 in 
DEBUG: JX_LOG_LEVEL=error LC_ALL=C git log --format=%H%x1f%an%x1f%ae%x1f%cn%x1f%ce%x1f%s%n%b%x1e 3fc2e2c025cfdc95007c77963f7b5f1e034ec165..HEAD
Merged SHA 0ed3234eb8fe1d95c38ed97921e5b38a3b5d16c7 with commit message 'chore: Promote skiapp to version 0.0.97' into base branch master

Showing logs for build [32mjenkins-oscar-environment-tia-t-cltqv-1[0m stage [32mfrom-build-pack[0m and container [32mstep-build-helm-build[0m
WARNING: No $CHART_REPOSITORY defined so using the default value of: http://jenkins-x-chartmuseum:8080
Adding missing Helm repo: storage.googleapis.com https://storage.googleapis.com/chartmuseum.jenkins-x.io
Successfully added Helm repository storage.googleapis.com.
Adding missing Helm repo: jenkins-x-chartmuseum http://jenkins-x-chartmuseum:8080
Successfully added Helm repository jenkins-x-chartmuseum.
WARNING: No $CHART_REPOSITORY defined so using the default value of: http://jenkins-x-chartmuseum:8080
Adding missing Helm repo: chartmuseum.jenkins-x.io http://chartmuseum.jenkins-x.io
Successfully added Helm repository chartmuseum.jenkins-x.io.
