
Showing logs for build [32mjenkins-oscar-environment-tia-t-2jfr6-1[0m stage [32mfrom-build-pack[0m and container [32mstep-credential-initializer-tlmr8[0m
{"level":"warn","ts":1588020427.799579,"logger":"fallback-logger","caller":"logging/config.go:69","msg":"Fetch GitHub commit ID from kodata failed: \"ref: refs/heads/0.8.0-**-support-backwards-incompats\" is not a valid GitHub commit ID"}
{"level":"info","ts":1588020427.8000546,"logger":"fallback-logger","caller":"creds-init/main.go:40","msg":"Credentials initialized."}

Showing logs for build [32mjenkins-oscar-environment-tia-t-2jfr6-1[0m stage [32mfrom-build-pack[0m and container [32mstep-working-dir-initializer-cdxq8[0m
{"level":"warn","ts":1588020428.7963796,"logger":"fallback-logger","caller":"logging/config.go:69","msg":"Fetch GitHub commit ID from kodata failed: open /var/run/ko/HEAD: no such file or directory"}
{"level":"info","ts":1588020428.7977777,"logger":"fallback-logger","caller":"bash/main.go:64","msg":"Successfully executed command \"sh -c mkdir -p /workspace/source\"; output "}

Showing logs for build [32mjenkins-oscar-environment-tia-t-2jfr6-1[0m stage [32mfrom-build-pack[0m and container [32mstep-place-tools[0m

Showing logs for build [32mjenkins-oscar-environment-tia-t-2jfr6-1[0m stage [32mfrom-build-pack[0m and container [32mstep-git-source-jenkins-oscar-environment-tia-t-2jfr6-ddxxl[0m
{"level":"warn","ts":1588020432.8445108,"logger":"fallback-logger","caller":"logging/config.go:69","msg":"Fetch GitHub commit ID from kodata failed: \"ref: refs/heads/0.8.0-**-support-backwards-incompats\" is not a valid GitHub commit ID"}
{"level":"info","ts":1588020433.2955875,"logger":"fallback-logger","caller":"git/git.go:103","msg":"Successfully cloned https://github.com/jenkins-oscar/environment-tia-tequila-staging.git @ master in path /workspace/source"}

Showing logs for build [32mjenkins-oscar-environment-tia-t-2jfr6-1[0m stage [32mfrom-build-pack[0m and container [32mstep-git-merge[0m
Using SHAs from PULL_REFS=master:11c299ac3436c9c5637d45c2f92c9b9155940492,4:d229983f29f080e3fcf762297b193102d9aca71e
DEBUG: LC_ALL=C JX_LOG_LEVEL=error git fetch origin --unshallow d229983f29f080e3fcf762297b193102d9aca71e: 11c299ac3436c9c5637d45c2f92c9b9155940492:
DEBUG: ran git fetch --unshallow origin d229983f29f080e3fcf762297b193102d9aca71e: 11c299ac3436c9c5637d45c2f92c9b9155940492: in 
DEBUG: LC_ALL=C JX_LOG_LEVEL=error git branch
DEBUG: LC_ALL=C JX_LOG_LEVEL=error git checkout master
DEBUG: ran git checkout master in 
DEBUG: LC_ALL=C JX_LOG_LEVEL=error git reset --hard 11c299ac3436c9c5637d45c2f92c9b9155940492
DEBUG: ran git reset --hard 11c299ac3436c9c5637d45c2f92c9b9155940492 in 
DEBUG: JX_LOG_LEVEL=error LC_ALL=C git clean -fd .
DEBUG: ran clean --force -d . in 
DEBUG: JX_LOG_LEVEL=error LC_ALL=C git merge d229983f29f080e3fcf762297b193102d9aca71e
DEBUG: ran git merge d229983f29f080e3fcf762297b193102d9aca71e in 
DEBUG: LC_ALL=C JX_LOG_LEVEL=error git log --format=%H%x1f%an%x1f%ae%x1f%cn%x1f%ce%x1f%s%n%b%x1e 11c299ac3436c9c5637d45c2f92c9b9155940492..HEAD
Merged SHA d229983f29f080e3fcf762297b193102d9aca71e with commit message 'The command `** delete application` was run by omedina and it generated this Pull Request' into base branch master

Showing logs for build [32mjenkins-oscar-environment-tia-t-2jfr6-1[0m stage [32mfrom-build-pack[0m and container [32mstep-build-helm-build[0m
WARNING: No $CHART_REPOSITORY defined so using the default value of: http://jenkins-x-chartmuseum:8080
Adding missing Helm repo: storage.googleapis.com https://storage.googleapis.com/chartmuseum.jenkins-x.io
Successfully added Helm repository storage.googleapis.com.
Adding missing Helm repo: jenkins-x-chartmuseum http://jenkins-x-chartmuseum:8080
Successfully added Helm repository jenkins-x-chartmuseum.
WARNING: No $CHART_REPOSITORY defined so using the default value of: http://jenkins-x-chartmuseum:8080
Adding missing Helm repo: chartmuseum.jenkins-x.io http://chartmuseum.jenkins-x.io
Successfully added Helm repository chartmuseum.jenkins-x.io.
