
Showing logs for build [32mjenkins-oscar-environment-tia-t-j5k2s-1[0m stage [32mfrom-build-pack[0m and container [32mstep-credential-initializer-j5llv[0m
{"level":"warn","ts":1588020123.55927,"logger":"fallback-logger","caller":"logging/config.go:69","msg":"Fetch GitHub commit ID from kodata failed: \"ref: refs/heads/0.8.0-**-support-backwards-incompats\" is not a valid GitHub commit ID"}
{"level":"info","ts":1588020123.5602803,"logger":"fallback-logger","caller":"creds-init/main.go:40","msg":"Credentials initialized."}

Showing logs for build [32mjenkins-oscar-environment-tia-t-j5k2s-1[0m stage [32mfrom-build-pack[0m and container [32mstep-working-dir-initializer-45r65[0m
{"level":"warn","ts":1588020124.543277,"logger":"fallback-logger","caller":"logging/config.go:69","msg":"Fetch GitHub commit ID from kodata failed: open /var/run/ko/HEAD: no such file or directory"}
{"level":"info","ts":1588020124.5474901,"logger":"fallback-logger","caller":"bash/main.go:64","msg":"Successfully executed command \"sh -c mkdir -p /workspace/source\"; output "}

Showing logs for build [32mjenkins-oscar-environment-tia-t-j5k2s-1[0m stage [32mfrom-build-pack[0m and container [32mstep-place-tools[0m

Showing logs for build [32mjenkins-oscar-environment-tia-t-j5k2s-1[0m stage [32mfrom-build-pack[0m and container [32mstep-git-source-jenkins-oscar-environment-tia-t-j5k2s-f87pg[0m
{"level":"warn","ts":1588020128.6200247,"logger":"fallback-logger","caller":"logging/config.go:69","msg":"Fetch GitHub commit ID from kodata failed: \"ref: refs/heads/0.8.0-**-support-backwards-incompats\" is not a valid GitHub commit ID"}
{"level":"info","ts":1588020129.053322,"logger":"fallback-logger","caller":"git/git.go:103","msg":"Successfully cloned https://github.com/jenkins-oscar/environment-tia-tequila-staging.git @ master in path /workspace/source"}

Showing logs for build [32mjenkins-oscar-environment-tia-t-j5k2s-1[0m stage [32mfrom-build-pack[0m and container [32mstep-git-merge[0m
Using SHAs from PULL_REFS=master:079e14132d9a0efeb1fc7361f614a5130b4df7a0,3:970b37679046633d8f077e9b9dfb10913e1094f1
DEBUG: JX_LOG_LEVEL=error LC_ALL=C git fetch origin --unshallow 970b37679046633d8f077e9b9dfb10913e1094f1: 079e14132d9a0efeb1fc7361f614a5130b4df7a0:
DEBUG: ran git fetch --unshallow origin 970b37679046633d8f077e9b9dfb10913e1094f1: 079e14132d9a0efeb1fc7361f614a5130b4df7a0: in 
DEBUG: LC_ALL=C JX_LOG_LEVEL=error git branch
DEBUG: LC_ALL=C JX_LOG_LEVEL=error git checkout master
DEBUG: ran git checkout master in 
DEBUG: LC_ALL=C JX_LOG_LEVEL=error git reset --hard 079e14132d9a0efeb1fc7361f614a5130b4df7a0
DEBUG: ran git reset --hard 079e14132d9a0efeb1fc7361f614a5130b4df7a0 in 
DEBUG: LC_ALL=C JX_LOG_LEVEL=error git clean -fd .
DEBUG: ran clean --force -d . in 
DEBUG: LC_ALL=C JX_LOG_LEVEL=error git merge 970b37679046633d8f077e9b9dfb10913e1094f1
DEBUG: ran git merge 970b37679046633d8f077e9b9dfb10913e1094f1 in 
DEBUG: LC_ALL=C JX_LOG_LEVEL=error git log --format=%H%x1f%an%x1f%ae%x1f%cn%x1f%ce%x1f%s%n%b%x1e 079e14132d9a0efeb1fc7361f614a5130b4df7a0..HEAD
Merged SHA 970b37679046633d8f077e9b9dfb10913e1094f1 with commit message 'chore: Promote skiapp to version 0.0.75' into base branch master

Showing logs for build [32mjenkins-oscar-environment-tia-t-j5k2s-1[0m stage [32mfrom-build-pack[0m and container [32mstep-build-helm-build[0m
WARNING: No $CHART_REPOSITORY defined so using the default value of: http://jenkins-x-chartmuseum:8080
Adding missing Helm repo: storage.googleapis.com https://storage.googleapis.com/chartmuseum.jenkins-x.io
Successfully added Helm repository storage.googleapis.com.
Adding missing Helm repo: jenkins-x-chartmuseum http://jenkins-x-chartmuseum:8080
Successfully added Helm repository jenkins-x-chartmuseum.
WARNING: No $CHART_REPOSITORY defined so using the default value of: http://jenkins-x-chartmuseum:8080
Adding missing Helm repo: chartmuseum.jenkins-x.io http://chartmuseum.jenkins-x.io
Successfully added Helm repository chartmuseum.jenkins-x.io.
