
Showing logs for build [32mjenkins-oscar-environment-tia-t-xx4vt-1[0m stage [32mfrom-build-pack[0m and container [32mstep-credential-initializer-pjtzs[0m
{"level":"warn","ts":1589403140.877928,"logger":"fallback-logger","caller":"logging/config.go:69","msg":"Fetch GitHub commit ID from kodata failed: \"ref: refs/heads/0.8.0-**-support-backwards-incompats\" is not a valid GitHub commit ID"}
{"level":"info","ts":1589403140.878436,"logger":"fallback-logger","caller":"creds-init/main.go:40","msg":"Credentials initialized."}

Showing logs for build [32mjenkins-oscar-environment-tia-t-xx4vt-1[0m stage [32mfrom-build-pack[0m and container [32mstep-working-dir-initializer-gzvq2[0m
{"level":"warn","ts":1589403142.2290728,"logger":"fallback-logger","caller":"logging/config.go:69","msg":"Fetch GitHub commit ID from kodata failed: open /var/run/ko/HEAD: no such file or directory"}
{"level":"info","ts":1589403142.230959,"logger":"fallback-logger","caller":"bash/main.go:64","msg":"Successfully executed command \"sh -c mkdir -p /workspace/source\"; output "}

Showing logs for build [32mjenkins-oscar-environment-tia-t-xx4vt-1[0m stage [32mfrom-build-pack[0m and container [32mstep-place-tools[0m

Showing logs for build [32mjenkins-oscar-environment-tia-t-xx4vt-1[0m stage [32mfrom-build-pack[0m and container [32mstep-git-source-jenkins-oscar-environment-tia-t-xx4vt-kgzx6[0m
{"level":"warn","ts":1589403146.3472302,"logger":"fallback-logger","caller":"logging/config.go:69","msg":"Fetch GitHub commit ID from kodata failed: \"ref: refs/heads/0.8.0-**-support-backwards-incompats\" is not a valid GitHub commit ID"}
{"level":"info","ts":1589403146.9160194,"logger":"fallback-logger","caller":"git/git.go:103","msg":"Successfully cloned https://github.com/jenkins-oscar/environment-tia-tequila-staging.git @ master in path /workspace/source"}

Showing logs for build [32mjenkins-oscar-environment-tia-t-xx4vt-1[0m stage [32mfrom-build-pack[0m and container [32mstep-git-merge[0m
Using SHAs from PULL_REFS=master:c60f76164444dce6c575014abfbbd88ddd893f20,9:49083659c232a29b21e33f1cecb58915898cd728
DEBUG: LC_ALL=C JX_LOG_LEVEL=error git fetch origin --unshallow 49083659c232a29b21e33f1cecb58915898cd728: c60f76164444dce6c575014abfbbd88ddd893f20:
DEBUG: ran git fetch --unshallow origin 49083659c232a29b21e33f1cecb58915898cd728: c60f76164444dce6c575014abfbbd88ddd893f20: in 
DEBUG: LC_ALL=C JX_LOG_LEVEL=error git branch
DEBUG: LC_ALL=C JX_LOG_LEVEL=error git checkout master
DEBUG: ran git checkout master in 
DEBUG: LC_ALL=C JX_LOG_LEVEL=error git reset --hard c60f76164444dce6c575014abfbbd88ddd893f20
DEBUG: ran git reset --hard c60f76164444dce6c575014abfbbd88ddd893f20 in 
DEBUG: LC_ALL=C JX_LOG_LEVEL=error git clean -fd .
DEBUG: ran clean --force -d . in 
DEBUG: LC_ALL=C JX_LOG_LEVEL=error git merge 49083659c232a29b21e33f1cecb58915898cd728
DEBUG: ran git merge 49083659c232a29b21e33f1cecb58915898cd728 in 
DEBUG: LC_ALL=C JX_LOG_LEVEL=error git log --format=%H%x1f%an%x1f%ae%x1f%cn%x1f%ce%x1f%s%n%b%x1e c60f76164444dce6c575014abfbbd88ddd893f20..HEAD
Merged SHA 49083659c232a29b21e33f1cecb58915898cd728 with commit message 'chore: Promote skiapp to version 0.0.89' into base branch master

Showing logs for build [32mjenkins-oscar-environment-tia-t-xx4vt-1[0m stage [32mfrom-build-pack[0m and container [32mstep-build-helm-build[0m
WARNING: No $CHART_REPOSITORY defined so using the default value of: http://jenkins-x-chartmuseum:8080
Adding missing Helm repo: storage.googleapis.com https://storage.googleapis.com/chartmuseum.jenkins-x.io
Successfully added Helm repository storage.googleapis.com.
Adding missing Helm repo: jenkins-x-chartmuseum http://jenkins-x-chartmuseum:8080
Successfully added Helm repository jenkins-x-chartmuseum.
WARNING: No $CHART_REPOSITORY defined so using the default value of: http://jenkins-x-chartmuseum:8080
Adding missing Helm repo: chartmuseum.jenkins-x.io http://chartmuseum.jenkins-x.io
Successfully added Helm repository chartmuseum.jenkins-x.io.
