
Showing logs for build [32mjenkins-oscar-environment-tia-t-m2v6w-1[0m stage [32mfrom-build-pack[0m and container [32mstep-credential-initializer-wwgvg[0m
{"level":"warn","ts":1586738538.3427346,"logger":"fallback-logger","caller":"logging/config.go:69","msg":"Fetch GitHub commit ID from kodata failed: \"ref: refs/heads/0.8.0-**-support-backwards-incompats\" is not a valid GitHub commit ID"}
{"level":"info","ts":1586738538.3435223,"logger":"fallback-logger","caller":"creds-init/main.go:40","msg":"Credentials initialized."}

Showing logs for build [32mjenkins-oscar-environment-tia-t-m2v6w-1[0m stage [32mfrom-build-pack[0m and container [32mstep-working-dir-initializer-gfrv7[0m
{"level":"warn","ts":1586738539.1096718,"logger":"fallback-logger","caller":"logging/config.go:69","msg":"Fetch GitHub commit ID from kodata failed: open /var/run/ko/HEAD: no such file or directory"}
{"level":"info","ts":1586738539.1111298,"logger":"fallback-logger","caller":"bash/main.go:64","msg":"Successfully executed command \"sh -c mkdir -p /workspace/source\"; output "}

Showing logs for build [32mjenkins-oscar-environment-tia-t-m2v6w-1[0m stage [32mfrom-build-pack[0m and container [32mstep-place-tools[0m

Showing logs for build [32mjenkins-oscar-environment-tia-t-m2v6w-1[0m stage [32mfrom-build-pack[0m and container [32mstep-git-source-jenkins-oscar-environment-tia-t-m2v6w-9pdld[0m
{"level":"warn","ts":1586738574.2302892,"logger":"fallback-logger","caller":"logging/config.go:69","msg":"Fetch GitHub commit ID from kodata failed: \"ref: refs/heads/0.8.0-**-support-backwards-incompats\" is not a valid GitHub commit ID"}
{"level":"info","ts":1586738574.804085,"logger":"fallback-logger","caller":"git/git.go:103","msg":"Successfully cloned https://github.com/jenkins-oscar/environment-tia-tequila-staging.git @ master in path /workspace/source"}

Showing logs for build [32mjenkins-oscar-environment-tia-t-m2v6w-1[0m stage [32mfrom-build-pack[0m and container [32mstep-git-merge[0m
Using SHAs from PULL_REFS=master:6ce5b3e50faf744cba67228c59bfc3a738b6b5b5,1:efaa90f30304914107030a8895699082e8b2154e
DEBUG: LC_ALL=C JX_LOG_LEVEL=error git fetch origin --unshallow efaa90f30304914107030a8895699082e8b2154e: 6ce5b3e50faf744cba67228c59bfc3a738b6b5b5:
DEBUG: ran git fetch --unshallow origin efaa90f30304914107030a8895699082e8b2154e: 6ce5b3e50faf744cba67228c59bfc3a738b6b5b5: in 
DEBUG: LC_ALL=C JX_LOG_LEVEL=error git branch
DEBUG: LC_ALL=C JX_LOG_LEVEL=error git checkout master
DEBUG: ran git checkout master in 
DEBUG: LC_ALL=C JX_LOG_LEVEL=error git reset --hard 6ce5b3e50faf744cba67228c59bfc3a738b6b5b5
DEBUG: ran git reset --hard 6ce5b3e50faf744cba67228c59bfc3a738b6b5b5 in 
DEBUG: LC_ALL=C JX_LOG_LEVEL=error git clean -fd .
DEBUG: ran clean --force -d . in 
DEBUG: LC_ALL=C JX_LOG_LEVEL=error git merge efaa90f30304914107030a8895699082e8b2154e
DEBUG: ran git merge efaa90f30304914107030a8895699082e8b2154e in 
DEBUG: LC_ALL=C JX_LOG_LEVEL=error git log --format=%H%x1f%an%x1f%ae%x1f%cn%x1f%ce%x1f%s%n%b%x1e 6ce5b3e50faf744cba67228c59bfc3a738b6b5b5..HEAD
Merged SHA efaa90f30304914107030a8895699082e8b2154e with commit message 'chore: Promote startbootstrap-one-page-wonder to version 0.0.1' into base branch master

Showing logs for build [32mjenkins-oscar-environment-tia-t-m2v6w-1[0m stage [32mfrom-build-pack[0m and container [32mstep-build-helm-build[0m
WARNING: No $CHART_REPOSITORY defined so using the default value of: http://jenkins-x-chartmuseum:8080
Adding missing Helm repo: storage.googleapis.com https://storage.googleapis.com/chartmuseum.jenkins-x.io
Successfully added Helm repository storage.googleapis.com.
Adding missing Helm repo: jenkins-x-chartmuseum http://jenkins-x-chartmuseum:8080
Successfully added Helm repository jenkins-x-chartmuseum.
WARNING: No $CHART_REPOSITORY defined so using the default value of: http://jenkins-x-chartmuseum:8080
Adding missing Helm repo: chartmuseum.jenkins-x.io http://chartmuseum.jenkins-x.io
Successfully added Helm repository chartmuseum.jenkins-x.io.
