
Showing logs for build [32mjenkins-oscar-environment-tia-t-28hnl-1[0m stage [32mfrom-build-pack[0m and container [32mstep-credential-initializer-m6p4r[0m
{"level":"warn","ts":1589394669.4745264,"logger":"fallback-logger","caller":"logging/config.go:69","msg":"Fetch GitHub commit ID from kodata failed: \"ref: refs/heads/0.8.0-**-support-backwards-incompats\" is not a valid GitHub commit ID"}
{"level":"info","ts":1589394669.4775665,"logger":"fallback-logger","caller":"creds-init/main.go:40","msg":"Credentials initialized."}

Showing logs for build [32mjenkins-oscar-environment-tia-t-28hnl-1[0m stage [32mfrom-build-pack[0m and container [32mstep-working-dir-initializer-llw2m[0m
{"level":"warn","ts":1589394670.1439135,"logger":"fallback-logger","caller":"logging/config.go:69","msg":"Fetch GitHub commit ID from kodata failed: open /var/run/ko/HEAD: no such file or directory"}
{"level":"info","ts":1589394670.147917,"logger":"fallback-logger","caller":"bash/main.go:64","msg":"Successfully executed command \"sh -c mkdir -p /workspace/source\"; output "}

Showing logs for build [32mjenkins-oscar-environment-tia-t-28hnl-1[0m stage [32mfrom-build-pack[0m and container [32mstep-place-tools[0m

Showing logs for build [32mjenkins-oscar-environment-tia-t-28hnl-1[0m stage [32mfrom-build-pack[0m and container [32mstep-git-source-jenkins-oscar-environment-tia-t-28hnl-c6ngp[0m
{"level":"warn","ts":1589394675.2205877,"logger":"fallback-logger","caller":"logging/config.go:69","msg":"Fetch GitHub commit ID from kodata failed: \"ref: refs/heads/0.8.0-**-support-backwards-incompats\" is not a valid GitHub commit ID"}
{"level":"info","ts":1589394675.7729464,"logger":"fallback-logger","caller":"git/git.go:103","msg":"Successfully cloned https://github.com/jenkins-oscar/environment-tia-tequila-staging.git @ master in path /workspace/source"}

Showing logs for build [32mjenkins-oscar-environment-tia-t-28hnl-1[0m stage [32mfrom-build-pack[0m and container [32mstep-git-merge[0m
Using SHAs from PULL_REFS=master:a0eb36e1e45f6d946f15a0edd4b8e5e0059a3885,8:a1683f115364e9acdf94c3395efca2e1a2664b2a
DEBUG: LC_ALL=C JX_LOG_LEVEL=error git fetch origin --unshallow a1683f115364e9acdf94c3395efca2e1a2664b2a: a0eb36e1e45f6d946f15a0edd4b8e5e0059a3885:
DEBUG: ran git fetch --unshallow origin a1683f115364e9acdf94c3395efca2e1a2664b2a: a0eb36e1e45f6d946f15a0edd4b8e5e0059a3885: in 
DEBUG: LC_ALL=C JX_LOG_LEVEL=error git branch
DEBUG: LC_ALL=C JX_LOG_LEVEL=error git checkout master
DEBUG: ran git checkout master in 
DEBUG: LC_ALL=C JX_LOG_LEVEL=error git reset --hard a0eb36e1e45f6d946f15a0edd4b8e5e0059a3885
DEBUG: ran git reset --hard a0eb36e1e45f6d946f15a0edd4b8e5e0059a3885 in 
DEBUG: JX_LOG_LEVEL=error LC_ALL=C git clean -fd .
DEBUG: ran clean --force -d . in 
DEBUG: LC_ALL=C JX_LOG_LEVEL=error git merge a1683f115364e9acdf94c3395efca2e1a2664b2a
DEBUG: ran git merge a1683f115364e9acdf94c3395efca2e1a2664b2a in 
DEBUG: LC_ALL=C JX_LOG_LEVEL=error git log --format=%H%x1f%an%x1f%ae%x1f%cn%x1f%ce%x1f%s%n%b%x1e a0eb36e1e45f6d946f15a0edd4b8e5e0059a3885..HEAD
Merged SHA a1683f115364e9acdf94c3395efca2e1a2664b2a with commit message 'chore: Promote skiapp to version 0.0.87' into base branch master

Showing logs for build [32mjenkins-oscar-environment-tia-t-28hnl-1[0m stage [32mfrom-build-pack[0m and container [32mstep-build-helm-build[0m
WARNING: No $CHART_REPOSITORY defined so using the default value of: http://jenkins-x-chartmuseum:8080
Adding missing Helm repo: storage.googleapis.com https://storage.googleapis.com/chartmuseum.jenkins-x.io
Successfully added Helm repository storage.googleapis.com.
Adding missing Helm repo: jenkins-x-chartmuseum http://jenkins-x-chartmuseum:8080
Successfully added Helm repository jenkins-x-chartmuseum.
WARNING: No $CHART_REPOSITORY defined so using the default value of: http://jenkins-x-chartmuseum:8080
Adding missing Helm repo: chartmuseum.jenkins-x.io http://chartmuseum.jenkins-x.io
Successfully added Helm repository chartmuseum.jenkins-x.io.
