
Showing logs for build [32mjenkins-oscar-environment-tia-t-j2pjx-1-8r6jd[0m stage [32mfrom-build-pack[0m and container [32mstep-credential-initializer-8bbs9[0m
{"level":"warn","ts":1591818536.6267867,"logger":"fallback-logger","caller":"logging/config.go:69","msg":"Fetch GitHub commit ID from kodata failed: \"ref: refs/heads/0.8.0-**-support-backwards-incompats\" is not a valid GitHub commit ID"}
{"level":"info","ts":1591818536.627484,"logger":"fallback-logger","caller":"creds-init/main.go:40","msg":"Credentials initialized."}

Showing logs for build [32mjenkins-oscar-environment-tia-t-j2pjx-1-8r6jd[0m stage [32mfrom-build-pack[0m and container [32mstep-working-dir-initializer-tbn7s[0m
{"level":"warn","ts":1591818537.6157312,"logger":"fallback-logger","caller":"logging/config.go:69","msg":"Fetch GitHub commit ID from kodata failed: open /var/run/ko/HEAD: no such file or directory"}
{"level":"info","ts":1591818537.6223593,"logger":"fallback-logger","caller":"bash/main.go:64","msg":"Successfully executed command \"sh -c mkdir -p /workspace/source\"; output "}

Showing logs for build [32mjenkins-oscar-environment-tia-t-j2pjx-1-8r6jd[0m stage [32mfrom-build-pack[0m and container [32mstep-place-tools[0m

Showing logs for build [32mjenkins-oscar-environment-tia-t-j2pjx-1-8r6jd[0m stage [32mfrom-build-pack[0m and container [32mstep-git-source-jenkins-oscar-environment-tia-t-j2pjx-w6z5r[0m
{"level":"warn","ts":1591818541.6553428,"logger":"fallback-logger","caller":"logging/config.go:69","msg":"Fetch GitHub commit ID from kodata failed: \"ref: refs/heads/0.8.0-**-support-backwards-incompats\" is not a valid GitHub commit ID"}
{"level":"info","ts":1591818542.390751,"logger":"fallback-logger","caller":"git/git.go:103","msg":"Successfully cloned https://github.com/jenkins-oscar/environment-tia-tequila-staging.git @ master in path /workspace/source"}

Showing logs for build [32mjenkins-oscar-environment-tia-t-j2pjx-1-8r6jd[0m stage [32mfrom-build-pack[0m and container [32mstep-git-merge[0m
Using SHAs from PULL_REFS=master:8f5f45593ff0ffe0d718ca6a59a6cc106a81c436,11:280dbb2de7f46b5ce9b700dc7f9cdb04eb0cda2f
DEBUG: LC_ALL=C JX_LOG_LEVEL=error git fetch origin --unshallow 280dbb2de7f46b5ce9b700dc7f9cdb04eb0cda2f: 8f5f45593ff0ffe0d718ca6a59a6cc106a81c436:
DEBUG: ran git fetch --unshallow origin 280dbb2de7f46b5ce9b700dc7f9cdb04eb0cda2f: 8f5f45593ff0ffe0d718ca6a59a6cc106a81c436: in 
DEBUG: LC_ALL=C JX_LOG_LEVEL=error git branch
DEBUG: JX_LOG_LEVEL=error LC_ALL=C git checkout master
DEBUG: ran git checkout master in 
DEBUG: JX_LOG_LEVEL=error LC_ALL=C git reset --hard 8f5f45593ff0ffe0d718ca6a59a6cc106a81c436
DEBUG: ran git reset --hard 8f5f45593ff0ffe0d718ca6a59a6cc106a81c436 in 
DEBUG: LC_ALL=C JX_LOG_LEVEL=error git clean -fd .
DEBUG: ran clean --force -d . in 
DEBUG: LC_ALL=C JX_LOG_LEVEL=error git merge 280dbb2de7f46b5ce9b700dc7f9cdb04eb0cda2f
DEBUG: ran git merge 280dbb2de7f46b5ce9b700dc7f9cdb04eb0cda2f in 
DEBUG: LC_ALL=C JX_LOG_LEVEL=error git log --format=%H%x1f%an%x1f%ae%x1f%cn%x1f%ce%x1f%s%n%b%x1e 8f5f45593ff0ffe0d718ca6a59a6cc106a81c436..HEAD
Merged SHA 280dbb2de7f46b5ce9b700dc7f9cdb04eb0cda2f with commit message 'chore: Promote skiapp to version 0.0.95' into base branch master

Showing logs for build [32mjenkins-oscar-environment-tia-t-j2pjx-1-8r6jd[0m stage [32mfrom-build-pack[0m and container [32mstep-build-helm-build[0m
WARNING: No $CHART_REPOSITORY defined so using the default value of: http://jenkins-x-chartmuseum:8080
Adding missing Helm repo: storage.googleapis.com https://storage.googleapis.com/chartmuseum.jenkins-x.io
Successfully added Helm repository storage.googleapis.com.
Adding missing Helm repo: jenkins-x-chartmuseum http://jenkins-x-chartmuseum:8080
Successfully added Helm repository jenkins-x-chartmuseum.
WARNING: No $CHART_REPOSITORY defined so using the default value of: http://jenkins-x-chartmuseum:8080
Adding missing Helm repo: chartmuseum.jenkins-x.io http://chartmuseum.jenkins-x.io
Successfully added Helm repository chartmuseum.jenkins-x.io.
