
Showing logs for build [32mjenkins-oscar-environment-tia-t-9n5z4-3[0m stage [32mfrom-build-pack[0m and container [32mstep-credential-initializer-wsvtz[0m
{"level":"warn","ts":1591204593.0498276,"logger":"fallback-logger","caller":"logging/config.go:69","msg":"Fetch GitHub commit ID from kodata failed: \"ref: refs/heads/0.8.0-**-support-backwards-incompats\" is not a valid GitHub commit ID"}
{"level":"info","ts":1591204593.0516083,"logger":"fallback-logger","caller":"creds-init/main.go:40","msg":"Credentials initialized."}

Showing logs for build [32mjenkins-oscar-environment-tia-t-9n5z4-3[0m stage [32mfrom-build-pack[0m and container [32mstep-working-dir-initializer-q72bk[0m
{"level":"warn","ts":1591204595.2294784,"logger":"fallback-logger","caller":"logging/config.go:69","msg":"Fetch GitHub commit ID from kodata failed: open /var/run/ko/HEAD: no such file or directory"}
{"level":"info","ts":1591204595.2683895,"logger":"fallback-logger","caller":"bash/main.go:64","msg":"Successfully executed command \"sh -c mkdir -p /workspace/source\"; output "}

Showing logs for build [32mjenkins-oscar-environment-tia-t-9n5z4-3[0m stage [32mfrom-build-pack[0m and container [32mstep-place-tools[0m

Showing logs for build [32mjenkins-oscar-environment-tia-t-9n5z4-3[0m stage [32mfrom-build-pack[0m and container [32mstep-git-source-jenkins-oscar-environment-tia-t-9n5z4-229ww[0m
{"level":"warn","ts":1591204602.01798,"logger":"fallback-logger","caller":"logging/config.go:69","msg":"Fetch GitHub commit ID from kodata failed: \"ref: refs/heads/0.8.0-**-support-backwards-incompats\" is not a valid GitHub commit ID"}
{"level":"info","ts":1591204603.1359541,"logger":"fallback-logger","caller":"git/git.go:103","msg":"Successfully cloned https://github.com/jenkins-oscar/environment-tia-tequila-staging.git @ master in path /workspace/source"}

Showing logs for build [32mjenkins-oscar-environment-tia-t-9n5z4-3[0m stage [32mfrom-build-pack[0m and container [32mstep-git-merge[0m
Using SHAs from PULL_REFS=master:70dba7073ae0da6adbca49e3f2f648ad73ccbf97,10:6a2394bf9548485f067bb8595d03c12032f5d535
DEBUG: LC_ALL=C JX_LOG_LEVEL=error git fetch origin --unshallow 6a2394bf9548485f067bb8595d03c12032f5d535: 70dba7073ae0da6adbca49e3f2f648ad73ccbf97:
DEBUG: ran git fetch --unshallow origin 6a2394bf9548485f067bb8595d03c12032f5d535: 70dba7073ae0da6adbca49e3f2f648ad73ccbf97: in 
DEBUG: LC_ALL=C JX_LOG_LEVEL=error git branch
DEBUG: LC_ALL=C JX_LOG_LEVEL=error git checkout master
DEBUG: ran git checkout master in 
DEBUG: LC_ALL=C JX_LOG_LEVEL=error git reset --hard 70dba7073ae0da6adbca49e3f2f648ad73ccbf97
DEBUG: ran git reset --hard 70dba7073ae0da6adbca49e3f2f648ad73ccbf97 in 
DEBUG: LC_ALL=C JX_LOG_LEVEL=error git clean -fd .
DEBUG: ran clean --force -d . in 
DEBUG: LC_ALL=C JX_LOG_LEVEL=error git merge 6a2394bf9548485f067bb8595d03c12032f5d535
DEBUG: ran git merge 6a2394bf9548485f067bb8595d03c12032f5d535 in 
DEBUG: LC_ALL=C JX_LOG_LEVEL=error git log --format=%H%x1f%an%x1f%ae%x1f%cn%x1f%ce%x1f%s%n%b%x1e 70dba7073ae0da6adbca49e3f2f648ad73ccbf97..HEAD
Merged SHA 6a2394bf9548485f067bb8595d03c12032f5d535 with commit message 'The command `** delete application` was run by omedina and it generated this Pull Request' into base branch master

Showing logs for build [32mjenkins-oscar-environment-tia-t-9n5z4-3[0m stage [32mfrom-build-pack[0m and container [32mstep-build-helm-build[0m
WARNING: No $CHART_REPOSITORY defined so using the default value of: http://jenkins-x-chartmuseum:8080
Adding missing Helm repo: storage.googleapis.com https://storage.googleapis.com/chartmuseum.jenkins-x.io
Successfully added Helm repository storage.googleapis.com.
Adding missing Helm repo: jenkins-x-chartmuseum http://jenkins-x-chartmuseum:8080
Successfully added Helm repository jenkins-x-chartmuseum.
WARNING: No $CHART_REPOSITORY defined so using the default value of: http://jenkins-x-chartmuseum:8080
Adding missing Helm repo: chartmuseum.jenkins-x.io http://chartmuseum.jenkins-x.io
Successfully added Helm repository chartmuseum.jenkins-x.io.
