
Showing logs for build [32mjenkins-oscar-environment-tia-t-zpkpx-1[0m stage [32mfrom-build-pack[0m and container [32mstep-credential-initializer-tz6nk[0m
{"level":"warn","ts":1588023795.6584735,"logger":"fallback-logger","caller":"logging/config.go:69","msg":"Fetch GitHub commit ID from kodata failed: \"ref: refs/heads/0.8.0-**-support-backwards-incompats\" is not a valid GitHub commit ID"}
{"level":"info","ts":1588023795.6605766,"logger":"fallback-logger","caller":"creds-init/main.go:40","msg":"Credentials initialized."}

Showing logs for build [32mjenkins-oscar-environment-tia-t-zpkpx-1[0m stage [32mfrom-build-pack[0m and container [32mstep-working-dir-initializer-dv52n[0m
{"level":"warn","ts":1588023796.6018248,"logger":"fallback-logger","caller":"logging/config.go:69","msg":"Fetch GitHub commit ID from kodata failed: open /var/run/ko/HEAD: no such file or directory"}
{"level":"info","ts":1588023796.6040409,"logger":"fallback-logger","caller":"bash/main.go:64","msg":"Successfully executed command \"sh -c mkdir -p /workspace/source\"; output "}

Showing logs for build [32mjenkins-oscar-environment-tia-t-zpkpx-1[0m stage [32mfrom-build-pack[0m and container [32mstep-place-tools[0m

Showing logs for build [32mjenkins-oscar-environment-tia-t-zpkpx-1[0m stage [32mfrom-build-pack[0m and container [32mstep-git-source-jenkins-oscar-environment-tia-t-zpkpx-26xvh[0m
{"level":"warn","ts":1588023799.7247188,"logger":"fallback-logger","caller":"logging/config.go:69","msg":"Fetch GitHub commit ID from kodata failed: \"ref: refs/heads/0.8.0-**-support-backwards-incompats\" is not a valid GitHub commit ID"}
{"level":"info","ts":1588023800.2428436,"logger":"fallback-logger","caller":"git/git.go:103","msg":"Successfully cloned https://github.com/jenkins-oscar/environment-tia-tequila-staging.git @ master in path /workspace/source"}

Showing logs for build [32mjenkins-oscar-environment-tia-t-zpkpx-1[0m stage [32mfrom-build-pack[0m and container [32mstep-git-merge[0m
Using SHAs from PULL_REFS=master:6a896a4ae59b8f58deafb7896a3e6518f5b98ebd,5:5f9516a8e0e76f49bfc86d6c44739dde50bf6e3f
DEBUG: JX_LOG_LEVEL=error LC_ALL=C git fetch origin --unshallow 5f9516a8e0e76f49bfc86d6c44739dde50bf6e3f: 6a896a4ae59b8f58deafb7896a3e6518f5b98ebd:
DEBUG: ran git fetch --unshallow origin 5f9516a8e0e76f49bfc86d6c44739dde50bf6e3f: 6a896a4ae59b8f58deafb7896a3e6518f5b98ebd: in 
DEBUG: LC_ALL=C JX_LOG_LEVEL=error git branch
DEBUG: LC_ALL=C JX_LOG_LEVEL=error git checkout master
DEBUG: ran git checkout master in 
DEBUG: LC_ALL=C JX_LOG_LEVEL=error git reset --hard 6a896a4ae59b8f58deafb7896a3e6518f5b98ebd
DEBUG: ran git reset --hard 6a896a4ae59b8f58deafb7896a3e6518f5b98ebd in 
DEBUG: LC_ALL=C JX_LOG_LEVEL=error git clean -fd .
DEBUG: ran clean --force -d . in 
DEBUG: LC_ALL=C JX_LOG_LEVEL=error git merge 5f9516a8e0e76f49bfc86d6c44739dde50bf6e3f
DEBUG: ran git merge 5f9516a8e0e76f49bfc86d6c44739dde50bf6e3f in 
DEBUG: LC_ALL=C JX_LOG_LEVEL=error git log --format=%H%x1f%an%x1f%ae%x1f%cn%x1f%ce%x1f%s%n%b%x1e 6a896a4ae59b8f58deafb7896a3e6518f5b98ebd..HEAD
Merged SHA 5f9516a8e0e76f49bfc86d6c44739dde50bf6e3f with commit message 'The command `** delete application` was run by omedina and it generated this Pull Request' into base branch master

Showing logs for build [32mjenkins-oscar-environment-tia-t-zpkpx-1[0m stage [32mfrom-build-pack[0m and container [32mstep-build-helm-build[0m
WARNING: No $CHART_REPOSITORY defined so using the default value of: http://jenkins-x-chartmuseum:8080
Adding missing Helm repo: storage.googleapis.com https://storage.googleapis.com/chartmuseum.jenkins-x.io
Successfully added Helm repository storage.googleapis.com.
Adding missing Helm repo: jenkins-x-chartmuseum http://jenkins-x-chartmuseum:8080
Successfully added Helm repository jenkins-x-chartmuseum.
WARNING: No $CHART_REPOSITORY defined so using the default value of: http://jenkins-x-chartmuseum:8080
Adding missing Helm repo: chartmuseum.jenkins-x.io http://chartmuseum.jenkins-x.io
Successfully added Helm repository chartmuseum.jenkins-x.io.
