
Showing logs for build [32mjenkins-oscar-environment-tia-t-887xk-1[0m stage [32mfrom-build-pack[0m and container [32mstep-credential-initializer-hz62x[0m
{"level":"warn","ts":1588371104.006868,"logger":"fallback-logger","caller":"logging/config.go:69","msg":"Fetch GitHub commit ID from kodata failed: \"ref: refs/heads/0.8.0-**-support-backwards-incompats\" is not a valid GitHub commit ID"}
{"level":"info","ts":1588371104.008672,"logger":"fallback-logger","caller":"creds-init/main.go:40","msg":"Credentials initialized."}

Showing logs for build [32mjenkins-oscar-environment-tia-t-887xk-1[0m stage [32mfrom-build-pack[0m and container [32mstep-working-dir-initializer-trn7m[0m
{"level":"warn","ts":1588371104.8618243,"logger":"fallback-logger","caller":"logging/config.go:69","msg":"Fetch GitHub commit ID from kodata failed: open /var/run/ko/HEAD: no such file or directory"}
{"level":"info","ts":1588371104.8646495,"logger":"fallback-logger","caller":"bash/main.go:64","msg":"Successfully executed command \"sh -c mkdir -p /workspace/source\"; output "}

Showing logs for build [32mjenkins-oscar-environment-tia-t-887xk-1[0m stage [32mfrom-build-pack[0m and container [32mstep-place-tools[0m

Showing logs for build [32mjenkins-oscar-environment-tia-t-887xk-1[0m stage [32mfrom-build-pack[0m and container [32mstep-git-source-jenkins-oscar-environment-tia-t-887xk-zccl7[0m
{"level":"warn","ts":1588371109.9653168,"logger":"fallback-logger","caller":"logging/config.go:69","msg":"Fetch GitHub commit ID from kodata failed: \"ref: refs/heads/0.8.0-**-support-backwards-incompats\" is not a valid GitHub commit ID"}
{"level":"info","ts":1588371110.5396254,"logger":"fallback-logger","caller":"git/git.go:103","msg":"Successfully cloned https://github.com/jenkins-oscar/environment-tia-tequila-staging.git @ master in path /workspace/source"}

Showing logs for build [32mjenkins-oscar-environment-tia-t-887xk-1[0m stage [32mfrom-build-pack[0m and container [32mstep-git-merge[0m
Using SHAs from PULL_REFS=master:782a250ff69f74f26165ead581ecd1652c117dfc,7:3ee08fc1be35ed176f945cd6da0989622cb4c62f
DEBUG: LC_ALL=C JX_LOG_LEVEL=error git fetch origin --unshallow 3ee08fc1be35ed176f945cd6da0989622cb4c62f: 782a250ff69f74f26165ead581ecd1652c117dfc:
DEBUG: ran git fetch --unshallow origin 3ee08fc1be35ed176f945cd6da0989622cb4c62f: 782a250ff69f74f26165ead581ecd1652c117dfc: in 
DEBUG: JX_LOG_LEVEL=error LC_ALL=C git branch
DEBUG: JX_LOG_LEVEL=error LC_ALL=C git checkout master
DEBUG: ran git checkout master in 
DEBUG: LC_ALL=C JX_LOG_LEVEL=error git reset --hard 782a250ff69f74f26165ead581ecd1652c117dfc
DEBUG: ran git reset --hard 782a250ff69f74f26165ead581ecd1652c117dfc in 
DEBUG: LC_ALL=C JX_LOG_LEVEL=error git clean -fd .
DEBUG: ran clean --force -d . in 
DEBUG: LC_ALL=C JX_LOG_LEVEL=error git merge 3ee08fc1be35ed176f945cd6da0989622cb4c62f
DEBUG: ran git merge 3ee08fc1be35ed176f945cd6da0989622cb4c62f in 
DEBUG: LC_ALL=C JX_LOG_LEVEL=error git log --format=%H%x1f%an%x1f%ae%x1f%cn%x1f%ce%x1f%s%n%b%x1e 782a250ff69f74f26165ead581ecd1652c117dfc..HEAD
Merged SHA 3ee08fc1be35ed176f945cd6da0989622cb4c62f with commit message 'chore: Promote skiapp to version 0.0.85' into base branch master

Showing logs for build [32mjenkins-oscar-environment-tia-t-887xk-1[0m stage [32mfrom-build-pack[0m and container [32mstep-build-helm-build[0m
WARNING: No $CHART_REPOSITORY defined so using the default value of: http://jenkins-x-chartmuseum:8080
Adding missing Helm repo: storage.googleapis.com https://storage.googleapis.com/chartmuseum.jenkins-x.io
Successfully added Helm repository storage.googleapis.com.
Adding missing Helm repo: jenkins-x-chartmuseum http://jenkins-x-chartmuseum:8080
Successfully added Helm repository jenkins-x-chartmuseum.
WARNING: No $CHART_REPOSITORY defined so using the default value of: http://jenkins-x-chartmuseum:8080
Adding missing Helm repo: chartmuseum.jenkins-x.io http://chartmuseum.jenkins-x.io
Successfully added Helm repository chartmuseum.jenkins-x.io.
